*** Using Compiler 'V5.06 update 7 (build 960)', folder: 'C:\Keil_v5\ARM\ARMCC\Bin'
Build target '2024RC_R1'
compiling tim.c...
compiling FSM.c...
compiling stm32f4xx_it.c...
compiling chassis.c...
compiling usart.c...
compiling gpio.c...
compiling can.c...
compiling main.c...
compiling air_joy.c...
compiling rm_motor.c...
..\USER\rm_motor.c(453): warning:  #1035-D: single-precision operand implicitly converted to double-precision
          if     (S < Sac)       M3508_MOTOR->TARGET_RPM = sqrt(2.0 * Aac * S + M3508_MOTOR->Velocity_Planning.Vstart * M3508_MOTOR->Velocity_Planning.Vstart);         // ¼ÓËÙ½×¶Î
..\USER\rm_motor.c: 1 warning, 0 errors
compiling stm32f4xx_hal_msp.c...
compiling freertos.c...
compiling upper.c...
compiling usr_can.c...
linking...
Program Size: Code=24072 RO-data=572 RW-data=212 ZI-data=23596  
FromELF: creating hex file...
"2024RC_R1\2024RC_R1.axf" - 0 Error(s), 1 Warning(s).
Build Time Elapsed:  00:00:24
